Jul-19 10:13:34.781 [main] DEBUG nextflow.cli.Launcher - $> nextflow run snp_check.nf
Jul-19 10:13:34.827 [main] DEBUG nextflow.cli.CmdRun - N E X T F L O W  ~  version 24.04.2
Jul-19 10:13:34.850 [main] DEBUG nextflow.plugin.PluginsFacade - Setting up plugin manager > mode=prod; embedded=false; plugins-dir=/Users/katiebarnes/.nextflow/plugins; core-plugins: nf-amazon@2.5.2,nf-azure@1.6.0,nf-cloudcache@0.4.1,nf-codecommit@0.2.0,nf-console@1.1.3,nf-ga4gh@1.3.0,nf-google@1.13.2,nf-tower@1.9.1,nf-wave@1.4.2
Jul-19 10:13:34.855 [main] INFO  o.pf4j.DefaultPluginStatusProvider - Enabled plugins: []
Jul-19 10:13:34.855 [main] INFO  o.pf4j.DefaultPluginStatusProvider - Disabled plugins: []
Jul-19 10:13:34.856 [main] INFO  org.pf4j.DefaultPluginManager - PF4J version 3.10.0 in 'deployment' mode
Jul-19 10:13:34.862 [main] INFO  org.pf4j.AbstractPluginManager - No plugins
Jul-19 10:13:34.872 [main] DEBUG nextflow.config.ConfigBuilder - Found config local: /Users/katiebarnes/Desktop/test_variantcheck/nextflow.config
Jul-19 10:13:34.873 [main] DEBUG nextflow.config.ConfigBuilder - Parsing config file: /Users/katiebarnes/Desktop/test_variantcheck/nextflow.config
Jul-19 10:13:34.887 [main] DEBUG n.secret.LocalSecretsProvider - Secrets store: /Users/katiebarnes/.nextflow/secrets/store.json
Jul-19 10:13:34.888 [main] DEBUG nextflow.secret.SecretsLoader - Discovered secrets providers: [nextflow.secret.LocalSecretsProvider@f3fcd59] - activable => nextflow.secret.LocalSecretsProvider@f3fcd59
Jul-19 10:13:34.891 [main] DEBUG nextflow.config.ConfigBuilder - Applying config profile: `standard`
Jul-19 10:13:35.108 [main] DEBUG nextflow.cli.CmdRun - Applied DSL=2 from script declaration
Jul-19 10:13:35.117 [main] DEBUG nextflow.cli.CmdRun - Launching `snp_check.nf` [sick_fermi] DSL2 - revision: fcbf4bf517
Jul-19 10:13:35.118 [main] DEBUG nextflow.plugin.PluginsFacade - Plugins default=[]
Jul-19 10:13:35.118 [main] DEBUG nextflow.plugin.PluginsFacade - Plugins resolved requirement=[]
Jul-19 10:13:35.151 [main] DEBUG nextflow.Session - Session UUID: cdeb668a-f73f-49c2-9ed6-541d9f99aa01
Jul-19 10:13:35.151 [main] DEBUG nextflow.Session - Run name: sick_fermi
Jul-19 10:13:35.151 [main] DEBUG nextflow.Session - Executor pool size: 8
Jul-19 10:13:35.156 [main] DEBUG nextflow.file.FilePorter - File porter settings maxRetries=3; maxTransfers=50; pollTimeout=null
Jul-19 10:13:35.158 [main] DEBUG nextflow.util.ThreadPoolBuilder - Creating thread pool 'FileTransfer' minSize=10; maxSize=24; workQueue=LinkedBlockingQueue[10000]; allowCoreThreadTimeout=false
Jul-19 10:13:35.178 [main] DEBUG nextflow.cli.CmdRun - 
  Version: 24.04.2 build 5914
  Created: 29-05-2024 06:19 UTC (07:19 BST)
  System: Mac OS X 14.5
  Runtime: Groovy 4.0.21 on OpenJDK 64-Bit Server VM 17.0.10+7
  Encoding: UTF-8 (UTF-8)
  Process: 91899@Katies-Laptop.lan [192.168.1.222]
  CPUs: 8 - Mem: 8 GB (87.1 MB) - Swap: 4 GB (1 GB)
Jul-19 10:13:35.184 [main] DEBUG nextflow.Session - Work-dir: /Users/katiebarnes/Desktop/test_variantcheck/work [Mac OS X]
Jul-19 10:13:35.185 [main] DEBUG nextflow.Session - Script base path does not exist or is not a directory: /Users/katiebarnes/Desktop/test_variantcheck/bin
Jul-19 10:13:35.189 [main] DEBUG nextflow.executor.ExecutorFactory - Extension executors providers=[]
Jul-19 10:13:35.193 [main] DEBUG nextflow.Session - Observer factory: DefaultObserverFactory
Jul-19 10:13:35.204 [main] DEBUG nextflow.cache.CacheFactory - Using Nextflow cache factory: nextflow.cache.DefaultCacheFactory
Jul-19 10:13:35.208 [main] DEBUG nextflow.util.CustomThreadPool - Creating default thread pool > poolSize: 9; maxThreads: 1000
Jul-19 10:13:35.240 [main] DEBUG nextflow.Session - Session start
Jul-19 10:13:35.436 [main] DEBUG nextflow.script.ScriptRunner - > Launching execution
Jul-19 10:13:35.522 [main] DEBUG nextflow.executor.ExecutorFactory - << taskConfig executor: null
Jul-19 10:13:35.522 [main] DEBUG nextflow.executor.ExecutorFactory - >> processorType: 'local'
Jul-19 10:13:35.525 [main] DEBUG nextflow.executor.Executor - [warm up] executor > local
Jul-19 10:13:35.528 [main] DEBUG n.processor.LocalPollingMonitor - Creating local task monitor for executor 'local' > cpus=8; memory=8 GB; capacity=8; pollInterval=100ms; dumpInterval=5m
Jul-19 10:13:35.529 [main] DEBUG n.processor.TaskPollingMonitor - >>> barrier register (monitor: local)
Jul-19 10:13:35.558 [main] DEBUG nextflow.executor.ExecutorFactory - << taskConfig executor: null
Jul-19 10:13:35.558 [main] DEBUG nextflow.executor.ExecutorFactory - >> processorType: 'local'
Jul-19 10:13:35.565 [main] DEBUG nextflow.executor.ExecutorFactory - << taskConfig executor: null
Jul-19 10:13:35.565 [main] DEBUG nextflow.executor.ExecutorFactory - >> processorType: 'local'
Jul-19 10:13:35.567 [main] DEBUG nextflow.Session - Workflow process names [dsl2]: checkSNPs, mergeVCFs, sortIndexVCFs
Jul-19 10:13:35.567 [main] DEBUG nextflow.Session - Igniting dataflow network (4)
Jul-19 10:13:35.571 [main] DEBUG nextflow.processor.TaskProcessor - Starting process > checkSNPs
Jul-19 10:13:35.571 [main] DEBUG nextflow.processor.TaskProcessor - Starting process > sortIndexVCFs
Jul-19 10:13:35.571 [main] DEBUG nextflow.processor.TaskProcessor - Starting process > mergeVCFs
Jul-19 10:13:35.571 [main] DEBUG nextflow.script.ScriptRunner - Parsed script files:
  Script_718f837a34f8631f: /Users/katiebarnes/Desktop/test_variantcheck/snp_check.nf
Jul-19 10:13:35.571 [main] DEBUG nextflow.script.ScriptRunner - > Awaiting termination 
Jul-19 10:13:35.571 [main] DEBUG nextflow.Session - Session await
Jul-19 10:13:35.665 [Task submitter] DEBUG n.executor.local.LocalTaskHandler - Launch cmd line: /bin/bash -ue .command.run
Jul-19 10:13:35.667 [Task submitter] INFO  nextflow.Session - [36/062301] Submitted process > checkSNPs (1)
Jul-19 10:13:35.674 [Task submitter] DEBUG n.executor.local.LocalTaskHandler - Launch cmd line: /bin/bash -ue .command.run
Jul-19 10:13:35.674 [Task submitter] INFO  nextflow.Session - [30/257f60] Submitted process > checkSNPs (4)
Jul-19 10:13:35.678 [Task submitter] DEBUG n.executor.local.LocalTaskHandler - Launch cmd line: /bin/bash -ue .command.run
Jul-19 10:13:35.679 [Task submitter] INFO  nextflow.Session - [bb/146fb6] Submitted process > checkSNPs (2)
Jul-19 10:13:35.682 [Task submitter] DEBUG n.executor.local.LocalTaskHandler - Launch cmd line: /bin/bash -ue .command.run
Jul-19 10:13:35.682 [Task submitter] INFO  nextflow.Session - [50/1ad59f] Submitted process > checkSNPs (3)
Jul-19 10:13:35.687 [Task submitter] DEBUG n.executor.local.LocalTaskHandler - Launch cmd line: /bin/bash -ue .command.run
Jul-19 10:13:35.687 [Task submitter] INFO  nextflow.Session - [42/58f7b9] Submitted process > checkSNPs (5)
Jul-19 10:13:35.741 [Task monitor] DEBUG n.processor.TaskPollingMonitor - Task completed > TaskHandler[id: 1; name: checkSNPs (1); status: COMPLETED; exit: 0; error: -; workDir: /Users/katiebarnes/Desktop/test_variantcheck/work/36/062301c96f2fb294bfc7635f112dc5]
Jul-19 10:13:35.741 [Task monitor] DEBUG nextflow.util.ThreadPoolBuilder - Creating thread pool 'TaskFinalizer' minSize=10; maxSize=24; workQueue=LinkedBlockingQueue[10000]; allowCoreThreadTimeout=false
Jul-19 10:13:35.742 [Task monitor] DEBUG n.processor.TaskPollingMonitor - Task completed > TaskHandler[id: 4; name: checkSNPs (4); status: COMPLETED; exit: 0; error: -; workDir: /Users/katiebarnes/Desktop/test_variantcheck/work/30/257f60b0139dbed6f62deda7c5a550]
Jul-19 10:13:35.742 [Task monitor] DEBUG n.processor.TaskPollingMonitor - Task completed > TaskHandler[id: 2; name: checkSNPs (2); status: COMPLETED; exit: 0; error: -; workDir: /Users/katiebarnes/Desktop/test_variantcheck/work/bb/146fb621eb96aec69679cbd222eea9]
Jul-19 10:13:35.743 [Task monitor] DEBUG n.processor.TaskPollingMonitor - Task completed > TaskHandler[id: 3; name: checkSNPs (3); status: COMPLETED; exit: 0; error: -; workDir: /Users/katiebarnes/Desktop/test_variantcheck/work/50/1ad59f192e954a9e5fb4caedc887eb]
Jul-19 10:13:35.743 [Task monitor] DEBUG n.processor.TaskPollingMonitor - Task completed > TaskHandler[id: 5; name: checkSNPs (5); status: COMPLETED; exit: 0; error: -; workDir: /Users/katiebarnes/Desktop/test_variantcheck/work/42/58f7b97efbc3cff4ce5727bc5193bf]
Jul-19 10:13:35.761 [TaskFinalizer-4] DEBUG nextflow.util.ThreadPoolBuilder - Creating thread pool 'PublishDir' minSize=10; maxSize=24; workQueue=LinkedBlockingQueue[10000]; allowCoreThreadTimeout=false
Jul-19 10:13:35.762 [Task submitter] DEBUG n.executor.local.LocalTaskHandler - Launch cmd line: /bin/bash -ue .command.run
Jul-19 10:13:35.763 [Task submitter] INFO  nextflow.Session - [79/d8c9b2] Submitted process > sortIndexVCFs (1)
Jul-19 10:13:35.767 [Task submitter] DEBUG n.executor.local.LocalTaskHandler - Launch cmd line: /bin/bash -ue .command.run
Jul-19 10:13:35.767 [Task submitter] INFO  nextflow.Session - [0c/3e4418] Submitted process > sortIndexVCFs (5)
Jul-19 10:13:35.772 [Task submitter] DEBUG n.executor.local.LocalTaskHandler - Launch cmd line: /bin/bash -ue .command.run
Jul-19 10:13:35.773 [Task submitter] INFO  nextflow.Session - [86/cf6e56] Submitted process > sortIndexVCFs (3)
Jul-19 10:13:35.776 [Task submitter] DEBUG n.executor.local.LocalTaskHandler - Launch cmd line: /bin/bash -ue .command.run
Jul-19 10:13:35.777 [Task submitter] INFO  nextflow.Session - [9b/613b7e] Submitted process > sortIndexVCFs (4)
Jul-19 10:13:35.779 [Task submitter] DEBUG n.executor.local.LocalTaskHandler - Launch cmd line: /bin/bash -ue .command.run
Jul-19 10:13:35.780 [Task submitter] INFO  nextflow.Session - [05/4c5c4f] Submitted process > sortIndexVCFs (2)
Jul-19 10:13:35.797 [Task monitor] DEBUG n.processor.TaskPollingMonitor - Task completed > TaskHandler[id: 10; name: sortIndexVCFs (5); status: COMPLETED; exit: 0; error: -; workDir: /Users/katiebarnes/Desktop/test_variantcheck/work/0c/3e4418fb889da4b7f64d0cd910700c]
Jul-19 10:13:35.798 [Task monitor] DEBUG n.processor.TaskPollingMonitor - Task completed > TaskHandler[id: 8; name: sortIndexVCFs (3); status: COMPLETED; exit: 0; error: -; workDir: /Users/katiebarnes/Desktop/test_variantcheck/work/86/cf6e5648092610f83c96551bef283c]
Jul-19 10:13:35.802 [Task monitor] DEBUG n.processor.TaskPollingMonitor - Task completed > TaskHandler[id: 7; name: sortIndexVCFs (2); status: COMPLETED; exit: 0; error: -; workDir: /Users/katiebarnes/Desktop/test_variantcheck/work/05/4c5c4fc0a5bbb23eb765a4af287f76]
Jul-19 10:13:35.820 [Task monitor] DEBUG n.processor.TaskPollingMonitor - Task completed > TaskHandler[id: 6; name: sortIndexVCFs (1); status: COMPLETED; exit: 0; error: -; workDir: /Users/katiebarnes/Desktop/test_variantcheck/work/79/d8c9b25135a83735b77f894f9fd07e]
Jul-19 10:13:35.820 [Task monitor] DEBUG n.processor.TaskPollingMonitor - Task completed > TaskHandler[id: 9; name: sortIndexVCFs (4); status: COMPLETED; exit: 0; error: -; workDir: /Users/katiebarnes/Desktop/test_variantcheck/work/9b/613b7e30884054d845d5f4eeb8a37d]
Jul-19 10:13:35.825 [Task submitter] DEBUG n.executor.local.LocalTaskHandler - Launch cmd line: /bin/bash -ue .command.run
Jul-19 10:13:35.825 [Task submitter] INFO  nextflow.Session - [ab/16d6f4] Submitted process > mergeVCFs
Jul-19 10:13:35.854 [Task monitor] DEBUG n.processor.TaskPollingMonitor - Task completed > TaskHandler[id: 11; name: mergeVCFs; status: COMPLETED; exit: 0; error: -; workDir: /Users/katiebarnes/Desktop/test_variantcheck/work/ab/16d6f4920d0ef02eaeff5fb7176841]
Jul-19 10:13:35.856 [main] DEBUG nextflow.Session - Session await > all processes finished
Jul-19 10:13:35.957 [Task monitor] DEBUG n.processor.TaskPollingMonitor - <<< barrier arrives (monitor: local) - terminating tasks monitor poll loop
Jul-19 10:13:35.957 [main] DEBUG nextflow.Session - Session await > all barriers passed
Jul-19 10:13:35.959 [main] DEBUG nextflow.util.ThreadPoolManager - Thread pool 'TaskFinalizer' shutdown completed (hard=false)
Jul-19 10:13:35.959 [main] DEBUG nextflow.util.ThreadPoolManager - Thread pool 'PublishDir' shutdown completed (hard=false)
Jul-19 10:13:35.962 [main] DEBUG n.trace.WorkflowStatsObserver - Workflow completed > WorkflowStats[succeededCount=11; failedCount=0; ignoredCount=0; cachedCount=0; pendingCount=0; submittedCount=0; runningCount=0; retriesCount=0; abortedCount=0; succeedDuration=70ms; failedDuration=0ms; cachedDuration=0ms;loadCpus=0; loadMemory=0; peakRunning=5; peakCpus=5; peakMemory=0; ]
Jul-19 10:13:36.081 [main] DEBUG nextflow.cache.CacheDB - Closing CacheDB done
Jul-19 10:13:36.091 [main] DEBUG nextflow.util.ThreadPoolManager - Thread pool 'FileTransfer' shutdown completed (hard=false)
Jul-19 10:13:36.091 [main] DEBUG nextflow.script.ScriptRunner - > Execution complete -- Goodbye
